2020-06-17-07.14.00.198118	Level:EVENT
PID:34118                                TID:34119
Function:pmdTcpListenerEntryPoint        Line:31
File:pmd/pmdTcpListener.cpp
Message:
Listening on port_test 48127


2020-06-17-07.30.36.258527	Level:EVENT
PID:35691                                TID:35692
Function:pmdTcpListenerEntryPoint        Line:31
File:pmd/pmdTcpListener.cpp
Message:
Listening on port_test 48127


2020-06-17-07.37.21.908341	Level:WARNING
PID:35691                                TID:35702
Function:recv                            Line:321
File:oss/ossSocket.cpp
Message:
Peer unexpected shutdown

2020-06-17-07.43.51.564633	Level:EVENT
PID:35829                                TID:35830
Function:pmdTcpListenerEntryPoint        Line:31
File:pmd/pmdTcpListener.cpp
Message:
Listening on port_test 48127


2020-06-17-07.45.26.354249	Level:ERROR
PID:35829                                TID:35830
Function:_createNewEDU                   Line:405
File:pmd/pmdEDUMgr.cpp
Message:
Failed to create new agent, probe = 20

2020-06-17-07.45.26.372304	Level:ERROR
PID:35829                                TID:35830
Function:pmdTcpListenerEntryPoint        Line:103
File:pmd/pmdTcpListener.cpp
Message:
Failed to start EDU agent

2020-06-17-07.49.32.897914	Level:EVENT
PID:3601                                 TID:3602
Function:pmdTcpListenerEntryPoint        Line:31
File:pmd/pmdTcpListener.cpp
Message:
Listening on port_test 48127


2020-06-17-07.50.20.157847	Level:WARNING
PID:3601                                 TID:3605
Function:recv                            Line:321
File:oss/ossSocket.cpp
Message:
Peer unexpected shutdown

2020-06-17-07.51.20.518214	Level:WARNING
PID:3601                                 TID:3605
Function:recv                            Line:321
File:oss/ossSocket.cpp
Message:
Peer unexpected shutdown

2020-06-17-07.51.23.039043	Level:EVENT
PID:3601                                 TID:3605
Function:pmdEDUEntryPoint                Line:162
File:pmd/pmdEDU.cpp
Message:
EDU 2 is forced

2020-06-17-07.51.31.940953	Level:EVENT
PID:3621                                 TID:3622
Function:pmdTcpListenerEntryPoint        Line:31
File:pmd/pmdTcpListener.cpp
Message:
Listening on port_test 48127


2020-06-17-07.55.16.185988	Level:WARNING
PID:3621                                 TID:3625
Function:recv                            Line:321
File:oss/ossSocket.cpp
Message:
Peer unexpected shutdown

2020-06-17-07.55.18.502477	Level:EVENT
PID:3621                                 TID:3625
Function:pmdEDUEntryPoint                Line:162
File:pmd/pmdEDU.cpp
Message:
EDU 2 is forced

2020-06-17-08.05.05.972337	Level:EVENT
PID:5596                                 TID:5597
Function:pmdTcpListenerEntryPoint        Line:31
File:pmd/pmdTcpListener.cpp
Message:
Listening on port_test 48127


2020-06-17-08.05.34.407951	Level:EVENT
PID:5596                                 TID:5599
Function:pmdProcessAgentRequest          Line:29
File:pmd/pmdAgent.cpp
Message:
Process Agent Request

2020-06-17-08.05.34.408004	Level:ERROR
PID:5596                                 TID:5599
Function:pmdAgentEntryPoint              Line:193
File:pmd/pmdAgent.cpp
Message:
Error processing Agent request, rc=-161698588

2020-06-17-08.09.03.413226	Level:WARNING
PID:5596                                 TID:5599
Function:recv                            Line:321
File:oss/ossSocket.cpp
Message:
Peer unexpected shutdown

2020-06-17-08.09.17.841137	Level:EVENT
PID:7010                                 TID:7011
Function:pmdTcpListenerEntryPoint        Line:31
File:pmd/pmdTcpListener.cpp
Message:
Listening on port_test 48127


2020-06-17-08.09.41.510076	Level:EVENT
PID:7010                                 TID:7013
Function:pmdProcessAgentRequest          Line:29
File:pmd/pmdAgent.cpp
Message:
Process Agent Request

2020-06-17-08.22.59.927177	Level:WARNING
PID:7010                                 TID:7013
Function:recv                            Line:321
File:oss/ossSocket.cpp
Message:
Peer unexpected shutdown

2020-06-17-08.23.01.539954	Level:EVENT
PID:7010                                 TID:7013
Function:pmdEDUEntryPoint                Line:162
File:pmd/pmdEDU.cpp
Message:
EDU 2 is forced

2020-06-17-08.23.12.045260	Level:EVENT
PID:8439                                 TID:8440
Function:pmdTcpListenerEntryPoint        Line:31
File:pmd/pmdTcpListener.cpp
Message:
Listening on port_test 48127


2020-06-17-08.23.30.909599	Level:EVENT
PID:8439                                 TID:8445
Function:pmdProcessAgentRequest          Line:29
File:pmd/pmdAgent.cpp
Message:
Process Agent Request

2020-06-17-08.23.56.486900	Level:WARNING
PID:8439                                 TID:8445
Function:recv                            Line:321
File:oss/ossSocket.cpp
Message:
Peer unexpected shutdown

2020-06-17-08.23.59.708963	Level:EVENT
PID:8439                                 TID:8445
Function:pmdEDUEntryPoint                Line:162
File:pmd/pmdEDU.cpp
Message:
EDU 2 is forced

2020-06-17-20.45.35.686103	Level:EVENT
PID:3928                                 TID:3929
Function:pmdTcpListenerEntryPoint        Line:31
File:pmd/pmdTcpListener.cpp
Message:
Listening on port_test 48127


2020-06-17-20.45.53.444954	Level:EVENT
PID:3928                                 TID:3931
Function:pmdProcessAgentRequest          Line:29
File:pmd/pmdAgent.cpp
Message:
Process Agent Request

2020-06-17-23.56.20.531449	Level:EVENT
PID:3928                                 TID:3931
Function:pmdProcessAgentRequest          Line:29
File:pmd/pmdAgent.cpp
Message:
Process Agent Request

2020-06-18-01.23.42.006228	Level:EVENT
PID:3928                                 TID:3931
Function:pmdProcessAgentRequest          Line:29
File:pmd/pmdAgent.cpp
Message:
Process Agent Request

2020-06-18-01.23.42.008031	Level:WARNING
PID:3928                                 TID:3931
Function:recv                            Line:321
File:oss/ossSocket.cpp
Message:
Peer unexpected shutdown

2020-06-18-01.23.47.249577	Level:EVENT
PID:3928                                 TID:3931
Function:pmdEDUEntryPoint                Line:162
File:pmd/pmdEDU.cpp
Message:
EDU 2 is forced

2020-06-18-07.32.33.516760	Level:EVENT
PID:11626                                TID:11627
Function:pmdTcpListenerEntryPoint        Line:31
File:pmd/pmdTcpListener.cpp
Message:
Listening on port_test 48127


2020-06-18-07.39.33.126261	Level:WARNING
PID:11626                                TID:11629
Function:recv                            Line:321
File:oss/ossSocket.cpp
Message:
Peer unexpected shutdown

2020-06-18-07.47.56.769435	Level:WARNING
PID:11626                                TID:11629
Function:recv                            Line:321
File:oss/ossSocket.cpp
Message:
Peer unexpected shutdown

2020-06-18-07.54.40.245215	Level:EVENT
PID:11626                                TID:11629
Function:pmdProcessAgentRequest          Line:29
File:pmd/pmdAgent.cpp
Message:
Process Agent Request

2020-06-18-07.55.46.985864	Level:WARNING
PID:11626                                TID:11629
Function:recv                            Line:321
File:oss/ossSocket.cpp
Message:
Peer unexpected shutdown

2020-06-18-07.55.48.801042	Level:EVENT
PID:11626                                TID:11629
Function:pmdEDUEntryPoint                Line:162
File:pmd/pmdEDU.cpp
Message:
EDU 2 is forced

2020-06-18-18.56.55.969435	Level:EVENT
PID:13104                                TID:13108
Function:pmdTcpListenerEntryPoint        Line:31
File:pmd/pmdTcpListener.cpp
Message:
Listening on port_test 48127


2020-06-18-18.58.00.611372	Level:EVENT
PID:13104                                TID:13111
Function:pmdProcessAgentRequest          Line:29
File:pmd/pmdAgent.cpp
Message:
Process Agent Request

2020-06-18-19.09.17.635728	Level:EVENT
PID:13104                                TID:13111
Function:pmdProcessAgentRequest          Line:29
File:pmd/pmdAgent.cpp
Message:
Process Agent Request

2020-06-18-19.09.30.794221	Level:EVENT
PID:13104                                TID:13111
Function:pmdProcessAgentRequest          Line:29
File:pmd/pmdAgent.cpp
Message:
Process Agent Request

2020-06-18-19.11.43.408701	Level:EVENT
PID:13135                                TID:13136
Function:pmdTcpListenerEntryPoint        Line:31
File:pmd/pmdTcpListener.cpp
Message:
Listening on port_test 48127


2020-06-18-19.12.27.260339	Level:EVENT
PID:13144                                TID:13148
Function:pmdTcpListenerEntryPoint        Line:31
File:pmd/pmdTcpListener.cpp
Message:
Listening on port_test 48127


2020-06-18-19.13.50.892655	Level:EVENT
PID:13152                                TID:13156
Function:pmdTcpListenerEntryPoint        Line:31
File:pmd/pmdTcpListener.cpp
Message:
Listening on port_test 48127


2020-06-18-19.13.50.893369	Level:ERROR
PID:13152                                TID:13156
Function:bind_listen                     Line:181
File:oss/ossSocket.cpp
Message:
Failed to bind socket,rc=98

2020-06-18-19.13.50.893970	Level:ERROR
PID:13152                                TID:13156
Function:pmdTcpListenerEntryPoint        Line:56
File:pmd/pmdTcpListener.cpp
Message:
Failed to bind/listen socket

2020-06-18-19.13.50.894567	Level:SEVERE
PID:13152                                TID:13156
Function:pmdTcpListenerEntryPoint        Line:126
File:pmd/pmdTcpListener.cpp
Message:
Internal error

2020-06-18-19.13.50.895161	Level:SEVERE
PID:13152                                TID:13156
Function:pmdEDUEntryPoint                Line:196
File:pmd/pmdEDU.cpp
Message:
System EDU: 1,type TCPListener exits with -11

2020-06-18-19.14.06.679754	Level:EVENT
PID:13157                                TID:13158
Function:pmdTcpListenerEntryPoint        Line:31
File:pmd/pmdTcpListener.cpp
Message:
Listening on port_test 48127


2020-06-18-19.14.06.680454	Level:ERROR
PID:13157                                TID:13158
Function:bind_listen                     Line:181
File:oss/ossSocket.cpp
Message:
Failed to bind socket,rc=98

2020-06-18-19.14.06.681028	Level:ERROR
PID:13157                                TID:13158
Function:pmdTcpListenerEntryPoint        Line:56
File:pmd/pmdTcpListener.cpp
Message:
Failed to bind/listen socket

2020-06-18-19.14.06.681654	Level:SEVERE
PID:13157                                TID:13158
Function:pmdTcpListenerEntryPoint        Line:126
File:pmd/pmdTcpListener.cpp
Message:
Internal error

2020-06-18-19.14.06.682256	Level:SEVERE
PID:13157                                TID:13158
Function:pmdEDUEntryPoint                Line:196
File:pmd/pmdEDU.cpp
Message:
System EDU: 1,type TCPListener exits with -11

2020-06-18-19.14.11.920504	Level:EVENT
PID:13160                                TID:13161
Function:pmdTcpListenerEntryPoint        Line:31
File:pmd/pmdTcpListener.cpp
Message:
Listening on port_test 48127


2020-06-18-19.14.11.923243	Level:ERROR
PID:13160                                TID:13161
Function:bind_listen                     Line:181
File:oss/ossSocket.cpp
Message:
Failed to bind socket,rc=98

2020-06-18-19.14.11.924282	Level:ERROR
PID:13160                                TID:13161
Function:pmdTcpListenerEntryPoint        Line:56
File:pmd/pmdTcpListener.cpp
Message:
Failed to bind/listen socket

2020-06-18-19.14.11.925329	Level:SEVERE
PID:13160                                TID:13161
Function:pmdTcpListenerEntryPoint        Line:126
File:pmd/pmdTcpListener.cpp
Message:
Internal error

2020-06-18-19.14.11.926330	Level:SEVERE
PID:13160                                TID:13161
Function:pmdEDUEntryPoint                Line:196
File:pmd/pmdEDU.cpp
Message:
System EDU: 1,type TCPListener exits with -11

2020-06-18-19.14.49.831805	Level:EVENT
PID:13165                                TID:13169
Function:pmdTcpListenerEntryPoint        Line:31
File:pmd/pmdTcpListener.cpp
Message:
Listening on port_test 48127


2020-06-18-19.14.49.832509	Level:ERROR
PID:13165                                TID:13169
Function:bind_listen                     Line:181
File:oss/ossSocket.cpp
Message:
Failed to bind socket,rc=98

2020-06-18-19.14.49.833124	Level:ERROR
PID:13165                                TID:13169
Function:pmdTcpListenerEntryPoint        Line:56
File:pmd/pmdTcpListener.cpp
Message:
Failed to bind/listen socket

2020-06-18-19.14.49.833703	Level:SEVERE
PID:13165                                TID:13169
Function:pmdTcpListenerEntryPoint        Line:126
File:pmd/pmdTcpListener.cpp
Message:
Internal error

2020-06-18-19.14.49.834289	Level:SEVERE
PID:13165                                TID:13169
Function:pmdEDUEntryPoint                Line:196
File:pmd/pmdEDU.cpp
Message:
System EDU: 1,type TCPListener exits with -11

2020-06-18-19.15.49.896797	Level:EVENT
PID:13181                                TID:13182
Function:pmdTcpListenerEntryPoint        Line:31
File:pmd/pmdTcpListener.cpp
Message:
Listening on port_test 48127


2020-06-18-19.15.49.897547	Level:ERROR
PID:13181                                TID:13182
Function:bind_listen                     Line:181
File:oss/ossSocket.cpp
Message:
Failed to bind socket,rc=98

2020-06-18-19.15.49.898187	Level:ERROR
PID:13181                                TID:13182
Function:pmdTcpListenerEntryPoint        Line:56
File:pmd/pmdTcpListener.cpp
Message:
Failed to bind/listen socket

2020-06-18-19.15.49.898786	Level:SEVERE
PID:13181                                TID:13182
Function:pmdTcpListenerEntryPoint        Line:126
File:pmd/pmdTcpListener.cpp
Message:
Internal error

2020-06-18-19.15.49.899398	Level:SEVERE
PID:13181                                TID:13182
Function:pmdEDUEntryPoint                Line:196
File:pmd/pmdEDU.cpp
Message:
System EDU: 1,type TCPListener exits with -11

2020-06-18-19.16.35.525091	Level:EVENT
PID:3053                                 TID:3054
Function:pmdTcpListenerEntryPoint        Line:31
File:pmd/pmdTcpListener.cpp
Message:
Listening on port_test 48127


2020-06-18-19.17.56.549251	Level:EVENT
PID:3150                                 TID:3154
Function:pmdTcpListenerEntryPoint        Line:31
File:pmd/pmdTcpListener.cpp
Message:
Listening on port_test 48127


2020-06-18-20.29.55.138883	Level:EVENT
PID:3680                                 TID:3684
Function:pmdTcpListenerEntryPoint        Line:31
File:pmd/pmdTcpListener.cpp
Message:
Listening on port_test 48127


2020-06-18-20.51.52.889227	Level:EVENT
PID:3680                                 TID:3685
Function:pmdProcessAgentRequest          Line:29
File:pmd/pmdAgent.cpp
Message:
Process Agent Request

2020-06-18-20.51.52.890696	Level:WARNING
PID:3680                                 TID:3685
Function:recv                            Line:321
File:oss/ossSocket.cpp
Message:
Peer unexpected shutdown

2020-06-18-20.52.38.758796	Level:EVENT
PID:3722                                 TID:3726
Function:pmdTcpListenerEntryPoint        Line:31
File:pmd/pmdTcpListener.cpp
Message:
Listening on port_test 48127


2020-06-18-20.53.11.982642	Level:EVENT
PID:3722                                 TID:3727
Function:pmdProcessAgentRequest          Line:29
File:pmd/pmdAgent.cpp
Message:
Process Agent Request

2020-06-18-23.13.42.355992	Level:EVENT
PID:9937                                 TID:9938
Function:pmdTcpListenerEntryPoint        Line:31
File:pmd/pmdTcpListener.cpp
Message:
Listening on port_test 48127


2020-06-18-23.14.22.226877	Level:EVENT
PID:9937                                 TID:9941
Function:pmdProcessAgentRequest          Line:74
File:pmd/pmdAgent.cpp
Message:
Insert: insertor: { hello: "world" }

2020-06-18-23.14.35.592344	Level:EVENT
PID:9937                                 TID:9941
Function:pmdProcessAgentRequest          Line:97
File:pmd/pmdAgent.cpp
Message:
Query condition: { id: 1 }

2020-06-18-23.18.07.299783	Level:WARNING
PID:9937                                 TID:9941
Function:recv                            Line:321
File:oss/ossSocket.cpp
Message:
Peer unexpected shutdown

2020-06-18-23.18.22.925389	Level:EVENT
PID:11347                                TID:11348
Function:pmdTcpListenerEntryPoint        Line:31
File:pmd/pmdTcpListener.cpp
Message:
Listening on port_test 48127


2020-06-19-00.43.32.355152	Level:WARNING
PID:11347                                TID:11351
Function:recv                            Line:321
File:oss/ossSocket.cpp
Message:
Peer unexpected shutdown

2020-06-19-00.43.37.873634	Level:EVENT
PID:11484                                TID:11485
Function:pmdTcpListenerEntryPoint        Line:31
File:pmd/pmdTcpListener.cpp
Message:
Listening on port_test 48127


2020-06-19-00.43.59.023184	Level:EVENT
PID:11484                                TID:11487
Function:pmdProcessAgentRequest          Line:74
File:pmd/pmdAgent.cpp
Message:
Insert: insertor: { hello: "world" }

2020-06-19-00.44.50.479427	Level:EVENT
PID:11484                                TID:11487
Function:pmdProcessAgentRequest          Line:97
File:pmd/pmdAgent.cpp
Message:
Query condition: { id: 1 }

2020-06-19-00.48.56.662750	Level:WARNING
PID:11484                                TID:11487
Function:recv                            Line:321
File:oss/ossSocket.cpp
Message:
Peer unexpected shutdown

2020-06-19-00.48.57.974577	Level:EVENT
PID:11484                                TID:11487
Function:pmdEDUEntryPoint                Line:162
File:pmd/pmdEDU.cpp
Message:
EDU 2 is forced

2020-06-21-04.58.06.924703	Level:EVENT
PID:3002                                 TID:3003
Function:pmdTcpListenerEntryPoint        Line:31
File:pmd/pmdTcpListener.cpp
Message:
Listening on port_test 48127


2020-06-21-05.03.25.093843	Level:EVENT
PID:3002                                 TID:3068
Function:pmdProcessAgentRequest          Line:74
File:pmd/pmdAgent.cpp
Message:
Insert: insertor: { hello: "world" }

2020-06-21-05.03.35.242564	Level:EVENT
PID:3002                                 TID:3068
Function:pmdProcessAgentRequest          Line:97
File:pmd/pmdAgent.cpp
Message:
Query condition: { id: 1 }

2020-06-21-05.03.44.018654	Level:ERROR
PID:3002                                 TID:3068
Function:pmdProcessAgentRequest          Line:191
File:pmd/pmdAgent.cpp
Message:
Invalid argument is received,probe: 60

2020-06-21-05.03.44.019304	Level:ERROR
PID:3002                                 TID:3068
Function:pmdAgentEntryPoint              Line:355
File:pmd/pmdAgent.cpp
Message:
Error processing Agent request, rc=-2

2020-06-21-05.03.44.019928	Level:WARNING
PID:3002                                 TID:3068
Function:recv                            Line:321
File:oss/ossSocket.cpp
Message:
Peer unexpected shutdown

2020-06-21-06.14.22.950639	Level:EVENT
PID:3002                                 TID:3068
Function:pmdEDUEntryPoint                Line:162
File:pmd/pmdEDU.cpp
Message:
EDU 2 is forced

2020-06-21-06.49.58.150320	Level:EVENT
PID:3372                                 TID:3373
Function:pmdTcpListenerEntryPoint        Line:31
File:pmd/pmdTcpListener.cpp
Message:
Listening on port_test 48127


2020-06-21-06.50.27.651916	Level:EVENT
PID:3372                                 TID:3375
Function:pmdProcessAgentRequest          Line:74
File:pmd/pmdAgent.cpp
Message:
Insert: insertor: { hello: "world" }

2020-06-21-06.50.49.914654	Level:EVENT
PID:3372                                 TID:3375
Function:pmdProcessAgentRequest          Line:97
File:pmd/pmdAgent.cpp
Message:
Query condition: { id: 1 }

2020-06-21-06.51.01.892651	Level:ERROR
PID:3372                                 TID:3375
Function:pmdProcessAgentRequest          Line:191
File:pmd/pmdAgent.cpp
Message:
Invalid argument is received,probe: 60

2020-06-21-06.51.01.893282	Level:ERROR
PID:3372                                 TID:3375
Function:pmdAgentEntryPoint              Line:355
File:pmd/pmdAgent.cpp
Message:
Error processing Agent request, rc=-2

2020-06-21-06.51.01.893892	Level:WARNING
PID:3372                                 TID:3375
Function:recv                            Line:321
File:oss/ossSocket.cpp
Message:
Peer unexpected shutdown

2020-06-21-09.42.12.449749	Level:EVENT
PID:3372                                 TID:3375
Function:pmdEDUEntryPoint                Line:162
File:pmd/pmdEDU.cpp
Message:
EDU 2 is forced

2020-06-22-00.45.07.818871	Level:EVENT
PID:21219                                TID:21236
Function:pmdTcpListenerEntryPoint        Line:31
File:pmd/pmdTcpListener.cpp
Message:
Listening on port_test 48127


2020-06-22-00.47.45.692141	Level:EVENT
PID:21219                                TID:21575
Function:pmdProcessAgentRequest          Line:79
File:pmd/pmdAgent.cpp
Message:
Insert: insertor: { hello: "world" }

2020-06-22-00.47.45.692820	Level:ERROR
PID:21219                                TID:21575
Function:pmdProcessAgentRequest          Line:87
File:pmd/pmdAgent.cpp
Message:
First element in inserted record is not _id

2020-06-22-00.47.45.693433	Level:ERROR
PID:21219                                TID:21575
Function:pmdProcessAgentRequest          Line:204
File:pmd/pmdAgent.cpp
Message:
System error,probe: 25,rc=-17

2020-06-22-00.47.45.694119	Level:ERROR
PID:21219                                TID:21575
Function:pmdAgentEntryPoint              Line:363
File:pmd/pmdAgent.cpp
Message:
Error processing Agent request, rc=-17

2020-06-22-00.49.38.608068	Level:EVENT
PID:21219                                TID:21575
Function:pmdProcessAgentRequest          Line:79
File:pmd/pmdAgent.cpp
Message:
Insert: insertor: { _id: 1, hello: "world" }

2020-06-22-01.05.41.284443	Level:EVENT
PID:23246                                TID:23247
Function:pmdTcpListenerEntryPoint        Line:31
File:pmd/pmdTcpListener.cpp
Message:
Listening on port_test 48127


2020-06-22-01.06.06.318311	Level:EVENT
PID:23246                                TID:23250
Function:pmdProcessAgentRequest          Line:79
File:pmd/pmdAgent.cpp
Message:
Insert: insertor: { _id: 2, hello: "world" }

2020-06-22-01.06.21.824274	Level:EVENT
PID:23246                                TID:23250
Function:pmdProcessAgentRequest          Line:79
File:pmd/pmdAgent.cpp
Message:
Insert: insertor: { _id: 3, hello: "world" }

2020-06-22-01.06.39.215762	Level:ERROR
PID:23246                                TID:23250
Function:pmdProcessAgentRequest          Line:199
File:pmd/pmdAgent.cpp
Message:
Invalid argument is received,probe: 60

2020-06-22-01.06.39.216964	Level:ERROR
PID:23246                                TID:23250
Function:pmdAgentEntryPoint              Line:363
File:pmd/pmdAgent.cpp
Message:
Error processing Agent request, rc=-2

2020-06-22-01.06.39.218260	Level:WARNING
PID:23246                                TID:23250
Function:recv                            Line:321
File:oss/ossSocket.cpp
Message:
Peer unexpected shutdown

2020-06-22-01.06.40.830781	Level:EVENT
PID:23246                                TID:23250
Function:pmdEDUEntryPoint                Line:162
File:pmd/pmdEDU.cpp
Message:
EDU 2 is forced

2020-06-23-07.02.21.339515	Level:ERROR
PID:9269                                 TID:9269
Function:isIDExist                       Line:194
File:ixm/ixmBucket.cpp
Message:
record _id does exist

2020-06-23-07.02.21.340683	Level:ERROR
PID:9269                                 TID:9269
Function:isIDExist                       Line:33
File:ixm/ixmBucket.cpp
Message:
Failed to create index, rc = -14

2020-06-23-07.02.21.341286	Level:ERROR
PID:9269                                 TID:9269
Function:_loadData                       Line:565
File:dms/dms.cpp
Message:
Failed to call isIDExist, rc = -14

2020-06-23-07.02.21.341864	Level:ERROR
PID:9269                                 TID:9269
Function:initialize                      Line:334
File:dms/dms.cpp
Message:
Failed to load data, rc = -14

2020-06-23-07.02.21.342451	Level:ERROR
PID:9269                                 TID:9269
Function:rtnInitialize                   Line:47
File:rtn/rtn.cpp
Message:
Failed to call dms initialize, rc = -14

2020-06-23-07.02.21.343046	Level:ERROR
PID:9269                                 TID:9269
Function:pmdResolveArguments             Line:24
File:pmd/pmdMain.cpp
Message:
Failed to init krcb,rc=-14

2020-06-23-07.02.21.343658	Level:ERROR
PID:9269                                 TID:9269
Function:pmdMasterThreadMain             Line:153
File:pmd/pmdMain.cpp
Message:
Failed to resolve argument,rc=-14

2020-06-23-07.10.14.238840	Level:EVENT
PID:9290                                 TID:9291
Function:pmdTcpListenerEntryPoint        Line:31
File:pmd/pmdTcpListener.cpp
Message:
Listening on port_test 48127


2020-06-23-07.12.18.272119	Level:EVENT
PID:9290                                 TID:9297
Function:pmdProcessAgentRequest          Line:79
File:pmd/pmdAgent.cpp
Message:
Insert: insertor: { _id: 1, hello: "world" }

2020-06-23-07.12.43.213997	Level:EVENT
PID:9290                                 TID:9297
Function:pmdProcessAgentRequest          Line:117
File:pmd/pmdAgent.cpp
Message:
Query condition: { _id: 1 }

2020-06-23-07.13.21.367347	Level:ERROR
PID:9290                                 TID:9297
Function:msgExtractQuery                 Line:319
File:msg/msg.cpp
Message:
non-query code is received: 3, expected 4

2020-06-23-07.13.21.368003	Level:ERROR
PID:9290                                 TID:9297
Function:pmdProcessAgentRequest          Line:127
File:pmd/pmdAgent.cpp
Message:
Failed to read delete packet

2020-06-23-07.13.21.368627	Level:ERROR
PID:9290                                 TID:9297
Function:pmdProcessAgentRequest          Line:199
File:pmd/pmdAgent.cpp
Message:
Invalid argument is received,probe: 40

2020-06-23-07.13.21.369234	Level:ERROR
PID:9290                                 TID:9297
Function:pmdAgentEntryPoint              Line:363
File:pmd/pmdAgent.cpp
Message:
Error processing Agent request, rc=-2

2020-06-23-07.18.37.717453	Level:ERROR
PID:9290                                 TID:9297
Function:msgExtractQuery                 Line:319
File:msg/msg.cpp
Message:
non-query code is received: 3, expected 4

2020-06-23-07.18.37.718150	Level:ERROR
PID:9290                                 TID:9297
Function:pmdProcessAgentRequest          Line:127
File:pmd/pmdAgent.cpp
Message:
Failed to read delete packet

2020-06-23-07.18.37.718762	Level:ERROR
PID:9290                                 TID:9297
Function:pmdProcessAgentRequest          Line:199
File:pmd/pmdAgent.cpp
Message:
Invalid argument is received,probe: 40

2020-06-23-07.18.37.719557	Level:ERROR
PID:9290                                 TID:9297
Function:pmdAgentEntryPoint              Line:363
File:pmd/pmdAgent.cpp
Message:
Error processing Agent request, rc=-2

2020-06-23-07.20.24.575773	Level:WARNING
PID:9290                                 TID:9297
Function:recv                            Line:321
File:oss/ossSocket.cpp
Message:
Peer unexpected shutdown

2020-06-23-07.20.44.342799	Level:ERROR
PID:10713                                TID:10713
Function:isIDExist                       Line:194
File:ixm/ixmBucket.cpp
Message:
record _id does exist

2020-06-23-07.20.44.343452	Level:ERROR
PID:10713                                TID:10713
Function:isIDExist                       Line:33
File:ixm/ixmBucket.cpp
Message:
Failed to create index, rc = -14

2020-06-23-07.20.44.344023	Level:ERROR
PID:10713                                TID:10713
Function:_loadData                       Line:565
File:dms/dms.cpp
Message:
Failed to call isIDExist, rc = -14

2020-06-23-07.20.44.344625	Level:ERROR
PID:10713                                TID:10713
Function:initialize                      Line:334
File:dms/dms.cpp
Message:
Failed to load data, rc = -14

2020-06-23-07.20.44.345192	Level:ERROR
PID:10713                                TID:10713
Function:rtnInitialize                   Line:47
File:rtn/rtn.cpp
Message:
Failed to call dms initialize, rc = -14

2020-06-23-07.20.44.345768	Level:ERROR
PID:10713                                TID:10713
Function:pmdResolveArguments             Line:24
File:pmd/pmdMain.cpp
Message:
Failed to init krcb,rc=-14

2020-06-23-07.20.44.346363	Level:ERROR
PID:10713                                TID:10713
Function:pmdMasterThreadMain             Line:153
File:pmd/pmdMain.cpp
Message:
Failed to resolve argument,rc=-14

2020-06-23-07.21.06.501937	Level:EVENT
PID:10724                                TID:10725
Function:pmdTcpListenerEntryPoint        Line:31
File:pmd/pmdTcpListener.cpp
Message:
Listening on port_test 48127


2020-06-23-07.21.28.097628	Level:EVENT
PID:10724                                TID:10728
Function:pmdProcessAgentRequest          Line:117
File:pmd/pmdAgent.cpp
Message:
Query condition: { _id: 1 }

2020-06-23-07.21.28.098465	Level:ERROR
PID:10724                                TID:10728
Function:findIndex                       Line:257
File:ixm/ixmBucket.cpp
Message:
record _id does not exist, hashNum = 422304363

2020-06-23-07.21.28.099065	Level:ERROR
PID:10724                                TID:10728
Function:findIndex                       Line:74
File:ixm/ixmBucket.cpp
Message:
Failed to find index, rc = -16

2020-06-23-07.21.28.099681	Level:ERROR
PID:10724                                TID:10728
Function:rtnFind                         Line:91
File:rtn/rtn.cpp
Message:
Failed to call ixm findIndex, rc = -16

2020-06-23-07.21.28.100296	Level:ERROR
PID:10724                                TID:10728
Function:pmdAgentEntryPoint              Line:363
File:pmd/pmdAgent.cpp
Message:
Error processing Agent request, rc=-16

2020-06-23-07.22.01.420048	Level:EVENT
PID:10724                                TID:10728
Function:pmdProcessAgentRequest          Line:79
File:pmd/pmdAgent.cpp
Message:
Insert: insertor: { _id: 1, hello: "world" }

2020-06-23-07.22.12.495568	Level:EVENT
PID:10724                                TID:10728
Function:pmdProcessAgentRequest          Line:117
File:pmd/pmdAgent.cpp
Message:
Query condition: { _id: 1 }

2020-06-23-07.22.18.508369	Level:EVENT
PID:10724                                TID:10728
Function:pmdProcessAgentRequest          Line:133
File:pmd/pmdAgent.cpp
Message:
Delete condition: { _id: 1 }

2020-06-23-07.22.30.110939	Level:EVENT
PID:10724                                TID:10728
Function:pmdProcessAgentRequest          Line:117
File:pmd/pmdAgent.cpp
Message:
Query condition: { _id: 1 }

2020-06-23-07.22.30.111607	Level:ERROR
PID:10724                                TID:10728
Function:findIndex                       Line:257
File:ixm/ixmBucket.cpp
Message:
record _id does not exist, hashNum = 422304363

2020-06-23-07.22.30.112227	Level:ERROR
PID:10724                                TID:10728
Function:findIndex                       Line:74
File:ixm/ixmBucket.cpp
Message:
Failed to find index, rc = -16

2020-06-23-07.22.30.112825	Level:ERROR
PID:10724                                TID:10728
Function:rtnFind                         Line:91
File:rtn/rtn.cpp
Message:
Failed to call ixm findIndex, rc = -16

2020-06-23-07.22.30.113439	Level:ERROR
PID:10724                                TID:10728
Function:pmdAgentEntryPoint              Line:363
File:pmd/pmdAgent.cpp
Message:
Error processing Agent request, rc=-16

2020-06-23-07.27.06.718461	Level:ERROR
PID:10724                                TID:10728
Function:pmdProcessAgentRequest          Line:199
File:pmd/pmdAgent.cpp
Message:
Invalid argument is received,probe: 60

2020-06-23-07.27.06.719126	Level:ERROR
PID:10724                                TID:10728
Function:pmdAgentEntryPoint              Line:363
File:pmd/pmdAgent.cpp
Message:
Error processing Agent request, rc=-2

2020-06-23-07.27.06.719756	Level:WARNING
PID:10724                                TID:10728
Function:recv                            Line:321
File:oss/ossSocket.cpp
Message:
Peer unexpected shutdown

2020-06-23-07.27.08.130884	Level:EVENT
PID:10724                                TID:10728
Function:pmdEDUEntryPoint                Line:162
File:pmd/pmdEDU.cpp
Message:
EDU 2 is forced

2020-06-23-07.29.52.367734	Level:EVENT
PID:10763                                TID:10764
Function:pmdTcpListenerEntryPoint        Line:31
File:pmd/pmdTcpListener.cpp
Message:
Listening on port_test 48127


2020-06-23-07.30.14.522550	Level:EVENT
PID:10763                                TID:10771
Function:pmdProcessAgentRequest          Line:117
File:pmd/pmdAgent.cpp
Message:
Query condition: { _id: 1 }

2020-06-23-07.30.14.522594	Level:ERROR
PID:10763                                TID:10771
Function:findIndex                       Line:257
File:ixm/ixmBucket.cpp
Message:
record _id does not exist, hashNum = 422304363

2020-06-23-07.30.14.522602	Level:ERROR
PID:10763                                TID:10771
Function:findIndex                       Line:74
File:ixm/ixmBucket.cpp
Message:
Failed to find index, rc = -16

2020-06-23-07.30.14.522607	Level:ERROR
PID:10763                                TID:10771
Function:rtnFind                         Line:91
File:rtn/rtn.cpp
Message:
Failed to call ixm findIndex, rc = -16

2020-06-23-07.30.14.522631	Level:ERROR
PID:10763                                TID:10771
Function:pmdAgentEntryPoint              Line:363
File:pmd/pmdAgent.cpp
Message:
Error processing Agent request, rc=-16

2020-06-23-07.31.54.082164	Level:EVENT
PID:10763                                TID:10771
Function:pmdProcessAgentRequest          Line:79
File:pmd/pmdAgent.cpp
Message:
Insert: insertor: { _id: 1, hello: "world" }

2020-06-23-07.32.02.945695	Level:EVENT
PID:10763                                TID:10771
Function:pmdProcessAgentRequest          Line:117
File:pmd/pmdAgent.cpp
Message:
Query condition: { _id: 1 }

2020-06-23-07.32.04.918666	Level:ERROR
PID:10763                                TID:10771
Function:pmdProcessAgentRequest          Line:199
File:pmd/pmdAgent.cpp
Message:
Invalid argument is received,probe: 60

2020-06-23-07.32.04.919342	Level:ERROR
PID:10763                                TID:10771
Function:pmdAgentEntryPoint              Line:363
File:pmd/pmdAgent.cpp
Message:
Error processing Agent request, rc=-2

2020-06-23-07.32.04.919989	Level:WARNING
PID:10763                                TID:10771
Function:recv                            Line:321
File:oss/ossSocket.cpp
Message:
Peer unexpected shutdown

2020-06-23-07.32.18.277395	Level:EVENT
PID:10763                                TID:10771
Function:pmdProcessAgentRequest          Line:117
File:pmd/pmdAgent.cpp
Message:
Query condition: { _id: 1 }

2020-06-23-07.32.27.572086	Level:ERROR
PID:10763                                TID:10771
Function:pmdProcessAgentRequest          Line:199
File:pmd/pmdAgent.cpp
Message:
Invalid argument is received,probe: 60

2020-06-23-07.32.27.572828	Level:ERROR
PID:10763                                TID:10771
Function:pmdAgentEntryPoint              Line:363
File:pmd/pmdAgent.cpp
Message:
Error processing Agent request, rc=-2

2020-06-23-07.32.27.573462	Level:WARNING
PID:10763                                TID:10771
Function:recv                            Line:321
File:oss/ossSocket.cpp
Message:
Peer unexpected shutdown

2020-06-23-07.32.35.333714	Level:EVENT
PID:10763                                TID:10771
Function:pmdEDUEntryPoint                Line:162
File:pmd/pmdEDU.cpp
Message:
EDU 2 is forced

2020-06-23-07.32.41.079524	Level:ERROR
PID:10778                                TID:10778
Function:isIDExist                       Line:194
File:ixm/ixmBucket.cpp
Message:
record _id does exist

2020-06-23-07.32.41.080232	Level:ERROR
PID:10778                                TID:10778
Function:isIDExist                       Line:33
File:ixm/ixmBucket.cpp
Message:
Failed to create index, rc = -14

2020-06-23-07.32.41.080843	Level:ERROR
PID:10778                                TID:10778
Function:_loadData                       Line:565
File:dms/dms.cpp
Message:
Failed to call isIDExist, rc = -14

2020-06-23-07.32.41.081451	Level:ERROR
PID:10778                                TID:10778
Function:initialize                      Line:334
File:dms/dms.cpp
Message:
Failed to load data, rc = -14

2020-06-23-07.32.41.082064	Level:ERROR
PID:10778                                TID:10778
Function:rtnInitialize                   Line:47
File:rtn/rtn.cpp
Message:
Failed to call dms initialize, rc = -14

2020-06-23-07.32.41.082947	Level:ERROR
PID:10778                                TID:10778
Function:pmdResolveArguments             Line:24
File:pmd/pmdMain.cpp
Message:
Failed to init krcb,rc=-14

2020-06-23-07.32.41.083502	Level:ERROR
PID:10778                                TID:10778
Function:pmdMasterThreadMain             Line:153
File:pmd/pmdMain.cpp
Message:
Failed to resolve argument,rc=-14

2020-06-23-07.32.59.732519	Level:ERROR
PID:10781                                TID:10781
Function:isIDExist                       Line:194
File:ixm/ixmBucket.cpp
Message:
record _id does exist

2020-06-23-07.32.59.733228	Level:ERROR
PID:10781                                TID:10781
Function:isIDExist                       Line:33
File:ixm/ixmBucket.cpp
Message:
Failed to create index, rc = -14

2020-06-23-07.32.59.733835	Level:ERROR
PID:10781                                TID:10781
Function:_loadData                       Line:565
File:dms/dms.cpp
Message:
Failed to call isIDExist, rc = -14

2020-06-23-07.32.59.734451	Level:ERROR
PID:10781                                TID:10781
Function:initialize                      Line:334
File:dms/dms.cpp
Message:
Failed to load data, rc = -14

2020-06-23-07.32.59.735042	Level:ERROR
PID:10781                                TID:10781
Function:rtnInitialize                   Line:47
File:rtn/rtn.cpp
Message:
Failed to call dms initialize, rc = -14

2020-06-23-07.32.59.735654	Level:ERROR
PID:10781                                TID:10781
Function:pmdResolveArguments             Line:24
File:pmd/pmdMain.cpp
Message:
Failed to init krcb,rc=-14

2020-06-23-07.32.59.736244	Level:ERROR
PID:10781                                TID:10781
Function:pmdMasterThreadMain             Line:153
File:pmd/pmdMain.cpp
Message:
Failed to resolve argument,rc=-14

2020-06-23-07.33.39.115571	Level:ERROR
PID:10783                                TID:10783
Function:isIDExist                       Line:194
File:ixm/ixmBucket.cpp
Message:
record _id does exist

2020-06-23-07.33.39.116280	Level:ERROR
PID:10783                                TID:10783
Function:isIDExist                       Line:33
File:ixm/ixmBucket.cpp
Message:
Failed to create index, rc = -14

2020-06-23-07.33.39.116870	Level:ERROR
PID:10783                                TID:10783
Function:_loadData                       Line:565
File:dms/dms.cpp
Message:
Failed to call isIDExist, rc = -14

2020-06-23-07.33.39.117476	Level:ERROR
PID:10783                                TID:10783
Function:initialize                      Line:334
File:dms/dms.cpp
Message:
Failed to load data, rc = -14

2020-06-23-07.33.39.118067	Level:ERROR
PID:10783                                TID:10783
Function:rtnInitialize                   Line:47
File:rtn/rtn.cpp
Message:
Failed to call dms initialize, rc = -14

2020-06-23-07.33.39.118704	Level:ERROR
PID:10783                                TID:10783
Function:pmdResolveArguments             Line:24
File:pmd/pmdMain.cpp
Message:
Failed to init krcb,rc=-14

2020-06-23-07.33.39.119308	Level:ERROR
PID:10783                                TID:10783
Function:pmdMasterThreadMain             Line:153
File:pmd/pmdMain.cpp
Message:
Failed to resolve argument,rc=-14

2020-06-23-07.48.49.309555	Level:EVENT
PID:12519                                TID:12520
Function:pmdTcpListenerEntryPoint        Line:31
File:pmd/pmdTcpListener.cpp
Message:
Listening on port_test 48127


2020-06-23-07.49.17.580904	Level:EVENT
PID:12519                                TID:12523
Function:pmdProcessAgentRequest          Line:79
File:pmd/pmdAgent.cpp
Message:
Insert: insertor: { _id: 1, hello: "world" }

2020-06-23-07.49.17.581564	Level:ERROR
PID:12519                                TID:12523
Function:isIDExist                       Line:194
File:ixm/ixmBucket.cpp
Message:
record _id does exist

2020-06-23-07.49.17.582133	Level:ERROR
PID:12519                                TID:12523
Function:isIDExist                       Line:33
File:ixm/ixmBucket.cpp
Message:
Failed to create index, rc = -14

2020-06-23-07.49.17.582741	Level:ERROR
PID:12519                                TID:12523
Function:rtnInsert                       Line:66
File:rtn/rtn.cpp
Message:
Failed to call isIDExist, rc = -14

2020-06-23-07.49.17.583365	Level:ERROR
PID:12519                                TID:12523
Function:pmdAgentEntryPoint              Line:363
File:pmd/pmdAgent.cpp
Message:
Error processing Agent request, rc=-14

2020-06-23-07.49.39.452703	Level:ERROR
PID:12519                                TID:12523
Function:pmdProcessAgentRequest          Line:199
File:pmd/pmdAgent.cpp
Message:
Invalid argument is received,probe: 60

2020-06-23-07.49.39.453386	Level:ERROR
PID:12519                                TID:12523
Function:pmdAgentEntryPoint              Line:363
File:pmd/pmdAgent.cpp
Message:
Error processing Agent request, rc=-2

2020-06-23-07.49.39.454016	Level:WARNING
PID:12519                                TID:12523
Function:recv                            Line:321
File:oss/ossSocket.cpp
Message:
Peer unexpected shutdown

2020-06-23-07.49.40.766643	Level:EVENT
PID:12519                                TID:12523
Function:pmdEDUEntryPoint                Line:162
File:pmd/pmdEDU.cpp
Message:
EDU 2 is forced

2020-06-23-07.49.44.095986	Level:EVENT
PID:12525                                TID:12526
Function:pmdTcpListenerEntryPoint        Line:31
File:pmd/pmdTcpListener.cpp
Message:
Listening on port_test 48127


2020-06-23-07.50.04.773540	Level:EVENT
PID:12525                                TID:12528
Function:pmdProcessAgentRequest          Line:117
File:pmd/pmdAgent.cpp
Message:
Query condition: { _id: 1 }

2020-06-23-07.50.06.858369	Level:ERROR
PID:12525                                TID:12528
Function:pmdProcessAgentRequest          Line:199
File:pmd/pmdAgent.cpp
Message:
Invalid argument is received,probe: 60

2020-06-23-07.50.06.859049	Level:ERROR
PID:12525                                TID:12528
Function:pmdAgentEntryPoint              Line:363
File:pmd/pmdAgent.cpp
Message:
Error processing Agent request, rc=-2

2020-06-23-07.50.06.859669	Level:WARNING
PID:12525                                TID:12528
Function:recv                            Line:321
File:oss/ossSocket.cpp
Message:
Peer unexpected shutdown

2020-06-23-07.50.08.169471	Level:EVENT
PID:12525                                TID:12528
Function:pmdEDUEntryPoint                Line:162
File:pmd/pmdEDU.cpp
Message:
EDU 2 is forced

2020-06-23-21.02.28.266074	Level:EVENT
PID:14222                                TID:14223
Function:pmdTcpListenerEntryPoint        Line:31
File:pmd/pmdTcpListener.cpp
Message:
Listening on port_test 48127


2020-06-23-21.04.13.473476	Level:EVENT
PID:14222                                TID:14225
Function:pmdProcessAgentRequest          Line:79
File:pmd/pmdAgent.cpp
Message:
Insert: insertor: { _id: 1, hello: "world" }

2020-06-23-21.06.22.906531	Level:EVENT
PID:14222                                TID:14225
Function:pmdProcessAgentRequest          Line:79
File:pmd/pmdAgent.cpp
Message:
Insert: insertor: { _id: 2, hello: "c++" }

2020-06-23-21.09.21.427401	Level:EVENT
PID:14222                                TID:14225
Function:pmdProcessAgentRequest          Line:117
File:pmd/pmdAgent.cpp
Message:
Query condition: { _id: 1 }

2020-06-23-21.12.38.296010	Level:EVENT
PID:14222                                TID:14225
Function:pmdProcessAgentRequest          Line:133
File:pmd/pmdAgent.cpp
Message:
Delete condition: { _id: 1 }

2020-06-23-21.13.46.078717	Level:EVENT
PID:14222                                TID:14225
Function:pmdProcessAgentRequest          Line:117
File:pmd/pmdAgent.cpp
Message:
Query condition: { _id: 1 }

2020-06-23-21.13.46.079952	Level:ERROR
PID:14222                                TID:14225
Function:findIndex                       Line:257
File:ixm/ixmBucket.cpp
Message:
record _id does not exist, hashNum = 422304363

2020-06-23-21.13.46.081105	Level:ERROR
PID:14222                                TID:14225
Function:findIndex                       Line:74
File:ixm/ixmBucket.cpp
Message:
Failed to find index, rc = -16

2020-06-23-21.13.46.081232	Level:ERROR
PID:14222                                TID:14225
Function:rtnFind                         Line:91
File:rtn/rtn.cpp
Message:
Failed to call ixm findIndex, rc = -16

2020-06-23-21.13.46.081430	Level:ERROR
PID:14222                                TID:14225
Function:pmdAgentEntryPoint              Line:363
File:pmd/pmdAgent.cpp
Message:
Error processing Agent request, rc=-16

2020-06-23-21.14.17.820638	Level:EVENT
PID:14222                                TID:14225
Function:pmdProcessAgentRequest          Line:117
File:pmd/pmdAgent.cpp
Message:
Query condition: { _id: 1 }

2020-06-23-21.14.17.820695	Level:ERROR
PID:14222                                TID:14225
Function:findIndex                       Line:257
File:ixm/ixmBucket.cpp
Message:
record _id does not exist, hashNum = 422304363

2020-06-23-21.14.17.822639	Level:ERROR
PID:14222                                TID:14225
Function:findIndex                       Line:74
File:ixm/ixmBucket.cpp
Message:
Failed to find index, rc = -16

2020-06-23-21.14.17.822662	Level:ERROR
PID:14222                                TID:14225
Function:rtnFind                         Line:91
File:rtn/rtn.cpp
Message:
Failed to call ixm findIndex, rc = -16

2020-06-23-21.14.17.822674	Level:ERROR
PID:14222                                TID:14225
Function:pmdAgentEntryPoint              Line:363
File:pmd/pmdAgent.cpp
Message:
Error processing Agent request, rc=-16

2020-06-23-22.58.20.515136	Level:ERROR
PID:14222                                TID:14225
Function:pmdProcessAgentRequest          Line:199
File:pmd/pmdAgent.cpp
Message:
Invalid argument is received,probe: 60

2020-06-23-22.58.20.518184	Level:ERROR
PID:14222                                TID:14225
Function:pmdAgentEntryPoint              Line:363
File:pmd/pmdAgent.cpp
Message:
Error processing Agent request, rc=-2

2020-06-23-22.58.20.518879	Level:WARNING
PID:14222                                TID:14225
Function:recv                            Line:321
File:oss/ossSocket.cpp
Message:
Peer unexpected shutdown

2020-06-23-22.58.22.030468	Level:EVENT
PID:14222                                TID:14225
Function:pmdEDUEntryPoint                Line:162
File:pmd/pmdEDU.cpp
Message:
EDU 2 is forced

2020-06-25-01.51.53.596224	Level:EVENT
PID:11208                                TID:11209
Function:pmdTcpListenerEntryPoint        Line:31
File:pmd/pmdTcpListener.cpp
Message:
Listening on port_test 48127


2020-06-25-01.52.42.940484	Level:EVENT
PID:11208                                TID:11267
Function:pmdProcessAgentRequest          Line:118
File:pmd/pmdAgent.cpp
Message:
Query condition: { _id: 1 }

2020-06-25-01.52.42.940595	Level:ERROR
PID:11208                                TID:11267
Function:findIndex                       Line:257
File:ixm/ixmBucket.cpp
Message:
record _id does not exist, hashNum = 422304363

2020-06-25-01.52.42.940612	Level:ERROR
PID:11208                                TID:11267
Function:findIndex                       Line:74
File:ixm/ixmBucket.cpp
Message:
Failed to find index, rc = -16

2020-06-25-01.52.42.940622	Level:ERROR
PID:11208                                TID:11267
Function:rtnFind                         Line:91
File:rtn/rtn.cpp
Message:
Failed to call ixm findIndex, rc = -16

2020-06-25-01.52.42.940633	Level:ERROR
PID:11208                                TID:11267
Function:pmdAgentEntryPoint              Line:367
File:pmd/pmdAgent.cpp
Message:
Error processing Agent request, rc=-16

2020-06-25-01.53.32.676375	Level:EVENT
PID:11208                                TID:11267
Function:pmdProcessAgentRequest          Line:79
File:pmd/pmdAgent.cpp
Message:
Insert: insertor: { _id: 1, hello: "world" }

2020-06-25-01.53.43.655924	Level:EVENT
PID:11208                                TID:11267
Function:pmdProcessAgentRequest          Line:118
File:pmd/pmdAgent.cpp
Message:
Query condition: { _id: 1 }

2020-06-25-01.53.52.054158	Level:ERROR
PID:11208                                TID:11267
Function:pmdProcessAgentRequest          Line:203
File:pmd/pmdAgent.cpp
Message:
Invalid argument is received,probe: 60

2020-06-25-01.53.52.054206	Level:ERROR
PID:11208                                TID:11267
Function:pmdAgentEntryPoint              Line:367
File:pmd/pmdAgent.cpp
Message:
Error processing Agent request, rc=-2

2020-06-25-01.53.52.054246	Level:WARNING
PID:11208                                TID:11267
Function:recv                            Line:321
File:oss/ossSocket.cpp
Message:
Peer unexpected shutdown

2020-06-25-01.53.54.574977	Level:EVENT
PID:11208                                TID:11267
Function:pmdEDUEntryPoint                Line:162
File:pmd/pmdEDU.cpp
Message:
EDU 2 is forced

